mode: set
cliface/config.go:53.31,55.2 1 1
cliface/executor.go:16.27,17.45 1 0
cliface/executor.go:17.45,20.3 2 0
cliface/executor.go:21.2,21.40 1 0
cliface/executor.go:21.40,24.3 2 0
cliface/executor.go:26.2,30.32 3 0
cliface/executor.go:30.32,32.39 2 0
cliface/executor.go:32.39,34.4 1 0
cliface/executor.go:37.2,37.37 1 0
cliface/executor.go:37.37,40.3 2 0
cliface/executor.go:42.2,42.30 1 0
cliface/executor.go:43.18,44.25 1 0
cliface/executor.go:45.26,46.24 1 0
cliface/executor.go:47.10,48.23 1 0
cliface/executor.go:52.46,54.112 2 0
cliface/executor.go:54.112,55.13 1 0
cliface/executor.go:55.13,57.4 1 0
cliface/executor.go:59.2,60.12 2 0
cliface/executor.go:60.12,65.17 5 0
cliface/executor.go:65.17,67.4 1 0
cliface/executor.go:68.3,74.13 7 0
cliface/executor.go:78.48,93.36 11 0
cliface/executor.go:93.36,96.3 2 0
cliface/executor.go:98.2,98.30 1 0
cliface/executor.go:98.30,101.3 2 0
cliface/executor.go:103.2,103.12 1 0
cliface/executor.go:103.12,107.22 4 0
cliface/executor.go:107.22,109.29 2 0
cliface/executor.go:109.29,111.5 1 0
cliface/executor.go:112.4,112.44 1 0
cliface/executor.go:117.47,123.2 5 0
cliface/main.go:13.13,18.23 4 0
cliface/main.go:18.23,21.3 2 0
cliface/main.go:23.2,27.17 4 0
cliface/main.go:27.17,28.25 1 0
cliface/main.go:28.25,30.4 1 0
cliface/main.go:30.9,32.4 1 0
cliface/main.go:34.2,37.16 4 0
cliface/main.go:40.38,42.55 2 1
cliface/main.go:42.55,43.13 1 0
cliface/main.go:45.2,45.26 1 1
cliface/main.go:45.26,46.37 1 1
cliface/main.go:46.37,48.4 1 1
cliface/main.go:49.3,49.39 1 1
cliface/main.go:49.39,51.4 1 1
cliface/main.go:53.2,53.20 1 1
cliface/main.go:53.20,55.3 1 1
cliface/main.go:56.2,56.21 1 1
cliface/main.go:56.21,58.3 1 1
cliface/main.go:59.2,59.13 1 1
cliface/ui.go:23.60,24.24 1 1
cliface/ui.go:24.24,27.3 2 1
cliface/ui.go:28.2,29.26 2 1
cliface/ui.go:29.26,32.3 2 1
cliface/ui.go:33.2,33.13 1 1
cliface/ui.go:36.47,42.2 1 1
cliface/ui.go:44.43,47.35 2 1
cliface/ui.go:47.35,48.21 1 1
cliface/ui.go:48.21,49.12 1 1
cliface/ui.go:51.3,52.17 2 1
cliface/ui.go:52.17,54.4 1 1
cliface/ui.go:55.3,56.45 2 1
cliface/ui.go:56.45,58.4 1 1
cliface/ui.go:61.2,62.29 2 1
cliface/ui.go:62.29,64.21 2 1
cliface/ui.go:64.21,68.12 4 1
cliface/ui.go:70.3,73.23 4 1
cliface/ui.go:73.23,75.4 1 1
cliface/ui.go:76.3,81.29 6 1
cliface/ui.go:81.29,86.4 4 1
cliface/ui.go:89.2,90.19 2 1
cliface/ui.go:90.19,92.3 1 1
cliface/ui.go:93.2,93.45 1 1
cliface/ui.go:93.45,93.60 1 0
cliface/ui.go:94.2,97.25 3 1
cliface/ui.go:97.25,99.22 2 1
cliface/ui.go:99.22,101.4 1 0
cliface/ui.go:102.3,102.50 1 1
cliface/ui.go:102.50,102.69 1 0
cliface/ui.go:103.3,104.65 2 1
cliface/ui.go:105.8,107.3 1 1
cliface/ui.go:109.2,114.13 3 1
cliface/ui.go:117.60,118.16 1 1
cliface/ui.go:118.16,120.3 1 1
cliface/ui.go:121.2,121.19 1 1
cliface/ui.go:122.16,124.26 2 1
cliface/ui.go:124.26,126.4 1 1
cliface/ui.go:127.3,127.58 1 1
cliface/ui.go:127.58,129.21 2 1
cliface/ui.go:129.21,131.5 1 1
cliface/ui.go:132.4,133.44 2 1
cliface/ui.go:133.44,134.25 1 0
cliface/ui.go:134.25,135.64 1 0
cliface/ui.go:135.64,136.19 1 0
cliface/ui.go:136.19,139.8 2 0
cliface/ui.go:141.11,142.64 1 0
cliface/ui.go:142.64,143.19 1 0
cliface/ui.go:143.19,145.8 1 0
cliface/ui.go:149.4,149.57 1 1
cliface/ui.go:151.3,151.15 1 1
cliface/ui.go:152.16,154.26 2 1
cliface/ui.go:154.26,156.4 1 1
cliface/ui.go:157.3,157.15 1 1
cliface/ui.go:158.14,160.26 2 1
cliface/ui.go:160.26,161.40 1 1
cliface/ui.go:161.40,163.5 1 1
cliface/ui.go:165.3,165.15 1 1
cliface/ui.go:166.16,168.26 2 1
cliface/ui.go:168.26,170.4 1 0
cliface/ui.go:171.3,171.13 1 1
cliface/ui.go:172.10,173.27 1 1
cliface/ui.go:177.65,181.23 3 1
cliface/ui.go:181.23,186.31 5 1
cliface/ui.go:186.31,187.28 1 0
cliface/ui.go:187.28,189.5 1 0
cliface/ui.go:190.4,190.33 1 0
cliface/ui.go:190.33,191.19 1 0
cliface/ui.go:191.19,193.11 2 0
cliface/ui.go:196.4,196.23 1 0
cliface/ui.go:198.3,198.19 1 1
cliface/ui.go:201.2,202.41 2 1
cliface/ui.go:202.41,202.58 1 0
cliface/ui.go:203.2,205.11 2 1
cliface/ui.go:215.60,217.2 1 0
cliface/ui.go:219.43,221.2 1 1
cliface/ui.go:223.46,226.2 2 1
cliface/ui.go:228.41,230.30 2 1
cliface/ui.go:230.30,231.19 1 1
cliface/ui.go:231.19,233.4 1 1
cliface/ui.go:235.2,235.13 1 1
cliface/ui.go:238.38,240.35 2 1
cliface/ui.go:240.35,241.21 1 1
cliface/ui.go:241.21,242.12 1 1
cliface/ui.go:244.3,245.17 2 1
cliface/ui.go:245.17,246.38 1 1
cliface/ui.go:246.38,247.37 1 1
cliface/ui.go:247.37,249.20 2 1
cliface/ui.go:249.20,251.7 1 1
cliface/ui.go:252.6,252.31 1 1
cliface/ui.go:252.31,254.7 1 1
cliface/ui.go:254.12,254.41 1 0
cliface/ui.go:254.41,256.7 1 0
cliface/ui.go:256.12,256.37 1 0
cliface/ui.go:256.37,258.7 1 0
cliface/ui.go:258.12,260.7 1 0
cliface/ui.go:263.4,263.12 1 1
cliface/ui.go:265.3,266.16 2 1
cliface/ui.go:266.16,267.12 1 1
cliface/ui.go:269.3,269.22 1 1
cliface/ui.go:269.22,271.12 2 1
cliface/ui.go:273.3,274.17 2 1
cliface/ui.go:274.17,276.4 1 1
cliface/ui.go:277.3,277.26 1 1
cliface/ui.go:277.26,278.21 1 1
cliface/ui.go:278.21,280.5 1 1
cliface/ui.go:281.9,282.29 1 1
cliface/ui.go:282.29,284.5 1 1
cliface/ui.go:284.10,284.39 1 1
cliface/ui.go:284.39,286.5 1 1
cliface/ui.go:286.10,286.35 1 1
cliface/ui.go:286.35,288.5 1 1
cliface/ui.go:288.10,290.5 1 1
cliface/ui.go:293.2,293.13 1 1
cliface/ui.go:296.72,298.19 2 1
cliface/ui.go:299.26,300.41 1 1
cliface/ui.go:300.41,302.4 1 1
cliface/ui.go:302.9,302.46 1 1
cliface/ui.go:302.46,303.34 1 1
cliface/ui.go:303.34,304.45 1 1
cliface/ui.go:304.45,306.11 2 1
cliface/ui.go:310.14,311.32 1 1
cliface/ui.go:311.32,313.4 1 1
cliface/ui.go:314.3,314.12 1 1
cliface/ui.go:315.16,316.37 1 1
cliface/ui.go:319.2,319.19 1 1
cliface/ui.go:319.19,320.95 1 1
cliface/ui.go:320.95,322.4 1 1
cliface/ui.go:324.2,324.12 1 1
cliface/ui.go:327.43,330.31 3 1
cliface/ui.go:330.31,332.3 1 0
cliface/ui.go:333.2,334.27 2 1
cliface/ui.go:334.27,335.41 1 1
cliface/ui.go:335.41,337.4 1 1
cliface/ui.go:338.3,338.31 1 1
cliface/ui.go:340.2,340.61 1 1
cliface/ui.go:343.31,347.82 4 0
cliface/ui.go:347.82,348.11 1 0
cliface/ui.go:348.11,350.4 1 0
cliface/ui.go:352.2,354.10 3 0
cliface/ui.go:357.54,358.15 1 1
cliface/ui.go:359.14,360.31 1 1
cliface/ui.go:361.16,362.33 1 1
cliface/ui.go:363.17,364.34 1 1
cliface/ui.go:365.17,366.34 1 1
cliface/ui.go:367.13,368.30 1 1
cliface/ui.go:369.10,370.33 1 1
cliface/ui.go:377.70,379.28 2 1
cliface/ui.go:379.28,380.19 1 1
cliface/ui.go:380.19,381.12 1 0
cliface/ui.go:383.3,384.18 2 1
cliface/ui.go:384.18,386.4 1 1
cliface/ui.go:387.3,387.16 1 1
cliface/ui.go:389.2,389.27 1 1
cliface/ui.go:392.75,394.28 2 1
cliface/ui.go:394.28,395.19 1 1
cliface/ui.go:395.19,396.12 1 0
cliface/ui.go:398.3,401.9 4 1
cliface/ui.go:406.42,407.35 1 1
cliface/ui.go:407.35,408.39 1 1
cliface/ui.go:408.39,409.12 1 1
cliface/ui.go:411.3,411.31 1 1
cliface/ui.go:411.31,412.12 1 1
cliface/ui.go:414.3,415.16 2 1
cliface/ui.go:415.16,417.19 2 1
cliface/ui.go:417.19,419.5 1 1
cliface/ui.go:420.4,420.46 1 1
cliface/ui.go:423.2,423.12 1 1
cliface/ui.go:427.37,428.35 1 1
cliface/ui.go:428.35,429.21 1 1
cliface/ui.go:429.21,430.12 1 0
cliface/ui.go:432.3,432.31 1 1
cliface/ui.go:432.31,433.12 1 0
cliface/ui.go:435.3,436.52 2 1
cliface/ui.go:436.52,438.4 1 1
cliface/ui.go:440.2,440.12 1 1
cliface/ui.go:444.60,445.15 1 1
cliface/ui.go:445.15,447.3 1 1
cliface/ui.go:448.2,449.17 2 1
cliface/ui.go:449.17,451.3 1 0
cliface/ui.go:454.2,454.25 1 1
cliface/ui.go:454.25,456.17 2 1
cliface/ui.go:456.17,458.4 1 0
cliface/ui.go:459.3,459.27 1 1
cliface/ui.go:459.27,461.4 1 1
cliface/ui.go:465.2,465.67 1 1
cliface/ui.go:465.67,467.17 2 1
cliface/ui.go:467.17,469.4 1 1
cliface/ui.go:470.3,470.22 1 1
cliface/ui.go:470.22,471.53 1 1
cliface/ui.go:471.53,473.5 1 1
cliface/ui.go:475.3,475.22 1 1
cliface/ui.go:475.22,476.53 1 1
cliface/ui.go:476.53,478.5 1 1
cliface/ui.go:481.2,481.12 1 1
cliface/ui.go:484.37,485.23 1 1
cliface/ui.go:486.11,487.26 1 1
cliface/ui.go:488.13,489.26 1 1
cliface/ui.go:490.15,491.17 1 1
cliface/ui.go:493.2,493.17 1 1
cliface/ui.go:497.60,498.43 1 1
cliface/ui.go:498.43,500.3 1 1
cliface/ui.go:501.2,501.42 1 1
cliface/ui.go:501.42,503.3 1 1
cliface/ui.go:504.2,504.23 1 1
cliface/ui.go:508.49,509.26 1 1
cliface/ui.go:509.26,511.3 1 1
cliface/ui.go:512.2,514.14 3 1
cliface/ui.go:514.14,516.3 1 1
cliface/ui.go:517.2,518.29 2 1
cliface/ui.go:518.29,519.35 1 1
cliface/ui.go:519.35,521.9 2 1
cliface/ui.go:524.2,524.22 1 1
cliface/ui.go:524.22,526.3 1 0
cliface/ui.go:527.2,528.16 2 1
cliface/ui.go:528.16,530.3 1 1
cliface/ui.go:531.2,531.27 1 1
cliface/ui.go:535.35,538.29 2 1
cliface/ui.go:538.29,540.27 2 1
cliface/ui.go:540.27,541.12 1 1
cliface/ui.go:543.3,544.42 2 1
cliface/ui.go:548.2,548.33 1 1
cliface/ui.go:548.33,550.15 2 1
cliface/ui.go:550.15,551.12 1 1
cliface/ui.go:553.3,554.24 2 1
cliface/ui.go:554.24,555.36 1 1
cliface/ui.go:555.36,557.5 1 1
cliface/ui.go:560.3,560.25 1 1
cliface/ui.go:561.22,562.34 1 1
cliface/ui.go:562.34,562.50 1 1
cliface/ui.go:563.23,564.34 1 1
cliface/ui.go:564.34,564.50 1 1
cliface/ui.go:565.22,566.32 1 1
cliface/ui.go:566.32,566.48 1 1
cliface/ui.go:567.24,569.35 1 1
cliface/ui.go:569.35,570.45 1 1
cliface/ui.go:570.45,571.39 1 1
cliface/ui.go:571.39,571.55 1 1
cliface/ui.go:572.6,572.11 1 1
cliface/ui.go:577.3,577.15 1 1
cliface/ui.go:582.47,584.14 2 1
cliface/ui.go:584.14,586.3 1 0
cliface/ui.go:587.2,588.40 2 1
cliface/ui.go:588.40,589.14 1 1
cliface/ui.go:589.14,591.4 1 1
cliface/ui.go:591.9,593.4 1 1
cliface/ui.go:596.2,596.38 1 1
cliface/ui.go:596.38,597.33 1 1
cliface/ui.go:597.33,598.44 1 1
cliface/ui.go:598.44,599.16 1 1
cliface/ui.go:599.16,601.6 1 1
cliface/ui.go:601.11,603.6 1 1
